::1 - - [31/Oct/2023:20:41:28 +0000] "GET /users HTTP/1.1" 404 144 "-" "Thunder Client (https://www.thunderclient.com)"
::1 - - [31/Oct/2023:20:42:31 +0000] "GET /users HTTP/1.1" 404 144 "-" "Thunder Client (https://www.thunderclient.com)"
::1 - - [31/Oct/2023:20:44:40 +0000] "GET /users HTTP/1.1" 404 144 "-" "Thunder Client (https://www.thunderclient.com)"
::1 - - [31/Oct/2023:20:50:36 +0000] "GET /users HTTP/1.1" 200 1566 "-" "Thunder Client (https://www.thunderclient.com)"
::1 - - [31/Oct/2023:20:52:44 +0000] "GET /flight HTTP/1.1" 404 145 "-" "Thunder Client (https://www.thunderclient.com)"
::1 - - [31/Oct/2023:20:52:50 +0000] "GET /flights HTTP/1.1" 200 119 "-" "Thunder Client (https://www.thunderclient.com)"
::1 - - [31/Oct/2023:20:53:20 +0000] "GET /passengers HTTP/1.1" 200 119 "-" "Thunder Client (https://www.thunderclient.com)"
::1 - - [31/Oct/2023:20:53:49 +0000] "GET /reservations HTTP/1.1" 200 119 "-" "Thunder Client (https://www.thunderclient.com)"
::1 - - [31/Oct/2023:21:21:33 +0000] "POST /auth/users HTTP/1.1" 404 150 "-" "Thunder Client (https://www.thunderclient.com)"
::1 - - [31/Oct/2023:21:22:33 +0000] "POST /users HTTP/1.1" 201 311 "-" "Thunder Client (https://www.thunderclient.com)"
::1 - - [31/Oct/2023:21:22:56 +0000] "POST /users HTTP/1.1" 500 756 "-" "Thunder Client (https://www.thunderclient.com)"
::1 - - [31/Oct/2023:21:23:11 +0000] "POST /users HTTP/1.1" 500 756 "-" "Thunder Client (https://www.thunderclient.com)"
::1 - - [31/Oct/2023:21:23:31 +0000] "POST /users HTTP/1.1" 500 755 "-" "Thunder Client (https://www.thunderclient.com)"
::1 - - [31/Oct/2023:21:23:36 +0000] "GET /users HTTP/1.1" 403 1785 "-" "Thunder Client (https://www.thunderclient.com)"
::1 - - [31/Oct/2023:21:24:10 +0000] "GET /login HTTP/1.1" 404 144 "-" "Thunder Client (https://www.thunderclient.com)"
::1 - - [31/Oct/2023:21:24:15 +0000] "POST /login HTTP/1.1" 404 145 "-" "Thunder Client (https://www.thunderclient.com)"
::1 - - [31/Oct/2023:21:24:30 +0000] "POST /auth/login HTTP/1.1" 401 356 "-" "Thunder Client (https://www.thunderclient.com)"
::1 - - [31/Oct/2023:21:25:26 +0000] "POST /auth/login HTTP/1.1" 200 837 "-" "Thunder Client (https://www.thunderclient.com)"
::1 - - [31/Oct/2023:21:25:43 +0000] "GET /users HTTP/1.1" 403 1678 "-" "Thunder Client (https://www.thunderclient.com)"
::1 - - [31/Oct/2023:21:26:20 +0000] "GET /users HTTP/1.1" 200 1855 "-" "Thunder Client (https://www.thunderclient.com)"
