::1 - - [10/Nov/2023:15:35:15 +0000] "GET /users/ HTTP/1.1" 403 1640 "-" "Thunder Client (https://www.thunderclient.com)"
::1 - - [10/Nov/2023:15:36:05 +0000] "GET /users/ HTTP/1.1" 200 119 "-" "Thunder Client (https://www.thunderclient.com)"
::1 - - [10/Nov/2023:15:37:20 +0000] "POST /users/ HTTP/1.1" 201 311 "-" "Thunder Client (https://www.thunderclient.com)"
::1 - - [10/Nov/2023:15:38:22 +0000] "GET /flights/ HTTP/1.1" 200 119 "-" "Thunder Client (https://www.thunderclient.com)"
::1 - - [10/Nov/2023:15:39:01 +0000] "POST /flights/ HTTP/1.1" 201 351 "-" "Thunder Client (https://www.thunderclient.com)"
::1 - - [10/Nov/2023:15:39:07 +0000] "POST /flights/ HTTP/1.1" 201 352 "-" "Thunder Client (https://www.thunderclient.com)"
::1 - - [10/Nov/2023:15:39:11 +0000] "GET /flights/ HTTP/1.1" 200 960 "-" "Thunder Client (https://www.thunderclient.com)"
::1 - - [10/Nov/2023:15:39:55 +0000] "GET /passengers/ HTTP/1.1" 200 119 "-" "Thunder Client (https://www.thunderclient.com)"
::1 - - [10/Nov/2023:15:41:13 +0000] "GET /flights/ HTTP/1.1" 200 960 "-" "Thunder Client (https://www.thunderclient.com)"
::1 - - [10/Nov/2023:15:41:19 +0000] "POST /flights/ HTTP/1.1" 500 890 "-" "Thunder Client (https://www.thunderclient.com)"
::1 - - [10/Nov/2023:15:41:45 +0000] "GET /flights/ HTTP/1.1" 200 960 "-" "Thunder Client (https://www.thunderclient.com)"
::1 - - [10/Nov/2023:15:42:08 +0000] "POST /passengers/ HTTP/1.1" 201 268 "-" "Thunder Client (https://www.thunderclient.com)"
::1 - - [10/Nov/2023:15:42:25 +0000] "DELETE /flights/654e4e95f95ee0d19d27b96f HTTP/1.1" 204 - "-" "Thunder Client (https://www.thunderclient.com)"
::1 - - [10/Nov/2023:15:42:29 +0000] "GET /flights/654e4e95f95ee0d19d27b96f HTTP/1.1" 200 27 "-" "Thunder Client (https://www.thunderclient.com)"
::1 - - [10/Nov/2023:15:42:44 +0000] "GET /flights/654e4e95f95ee0d19d27b96f HTTP/1.1" 200 27 "-" "Thunder Client (https://www.thunderclient.com)"
::1 - - [10/Nov/2023:15:42:53 +0000] "POST /flights/ HTTP/1.1" 500 890 "-" "Thunder Client (https://www.thunderclient.com)"
::1 - - [10/Nov/2023:15:43:03 +0000] "GET /flights/ HTTP/1.1" 200 537 "-" "Thunder Client (https://www.thunderclient.com)"
::1 - - [10/Nov/2023:15:43:17 +0000] "DELETE /flights/654e4e9bf95ee0d19d27b971 HTTP/1.1" 204 - "-" "Thunder Client (https://www.thunderclient.com)"
::1 - - [10/Nov/2023:15:43:25 +0000] "POST /flights/ HTTP/1.1" 201 352 "-" "Thunder Client (https://www.thunderclient.com)"
::1 - - [10/Nov/2023:15:43:37 +0000] "GET /users/ HTTP/1.1" 200 329 "-" "Thunder Client (https://www.thunderclient.com)"
::1 - - [10/Nov/2023:15:43:44 +0000] "GET /flights/ HTTP/1.1" 200 537 "-" "Thunder Client (https://www.thunderclient.com)"
::1 - - [10/Nov/2023:15:43:51 +0000] "GET /passengers/ HTTP/1.1" 200 364 "-" "Thunder Client (https://www.thunderclient.com)"
::1 - - [10/Nov/2023:15:44:18 +0000] "GET /passengers/ HTTP/1.1" 200 364 "-" "Thunder Client (https://www.thunderclient.com)"
::1 - - [10/Nov/2023:15:44:22 +0000] "POST /passengers/ HTTP/1.1" 201 268 "-" "Thunder Client (https://www.thunderclient.com)"
::1 - - [10/Nov/2023:15:44:25 +0000] "GET /passengers/ HTTP/1.1" 200 610 "-" "Thunder Client (https://www.thunderclient.com)"
