::1 - - [15/Nov/2023:12:55:45 +0000] "GET /flights/ HTTP/1.1" 403 1806 "-" "Thunder Client (https://www.thunderclient.com)"
::1 - - [15/Nov/2023:12:55:56 +0000] "POST /auth/login HTTP/1.1" 200 629 "-" "Thunder Client (https://www.thunderclient.com)"
::1 - - [15/Nov/2023:12:56:04 +0000] "GET /flights/ HTTP/1.1" 403 1806 "-" "Thunder Client (https://www.thunderclient.com)"
::1 - - [15/Nov/2023:12:56:30 +0000] "GET /flights/ HTTP/1.1" 403 1845 "-" "Thunder Client (https://www.thunderclient.com)"
::1 - - [15/Nov/2023:12:57:13 +0000] "GET / HTTP/1.1" 200 86 "-" "Thunder Client (https://www.thunderclient.com)"
::1 - - [15/Nov/2023:12:57:40 +0000] "POST /auth/login HTTP/1.1" 401 355 "-" "Thunder Client (https://www.thunderclient.com)"
::1 - - [15/Nov/2023:12:58:01 +0000] "POST /auth/login HTTP/1.1" 200 629 "-" "Thunder Client (https://www.thunderclient.com)"
::1 - - [15/Nov/2023:12:58:24 +0000] "GET / HTTP/1.1" 200 86 "-" "Thunder Client (https://www.thunderclient.com)"
::1 - - [15/Nov/2023:12:58:37 +0000] "GET /users HTTP/1.1" 403 1747 "-" "Thunder Client (https://www.thunderclient.com)"
::1 - - [15/Nov/2023:12:59:43 +0000] "POST /users HTTP/1.1" 403 1750 "-" "Thunder Client (https://www.thunderclient.com)"
::1 - - [15/Nov/2023:13:00:49 +0000] "GET /users/654e4e30f95ee0d19d27b96b HTTP/1.1" 403 1750 "-" "Thunder Client (https://www.thunderclient.com)"
::1 - - [15/Nov/2023:13:01:03 +0000] "PUT /users/654e4e30f95ee0d19d27b96b HTTP/1.1" 403 1750 "-" "Thunder Client (https://www.thunderclient.com)"
::1 - - [15/Nov/2023:13:01:53 +0000] "GET /flights/ HTTP/1.1" 403 1845 "-" "Thunder Client (https://www.thunderclient.com)"
::1 - - [15/Nov/2023:13:02:10 +0000] "GET /flights/ HTTP/1.1" 403 1685 "-" "Thunder Client (https://www.thunderclient.com)"
::1 - - [15/Nov/2023:13:03:34 +0000] "GET /flights/ HTTP/1.1" 200 537 "-" "Thunder Client (https://www.thunderclient.com)"
::1 - - [15/Nov/2023:13:11:04 +0000] "GET /flights/ HTTP/1.1" 200 537 "-" "Thunder Client (https://www.thunderclient.com)"
::1 - - [15/Nov/2023:13:14:42 +0000] "GET /flights/ HTTP/1.1" 200 537 "-" "Thunder Client (https://www.thunderclient.com)"
::1 - - [15/Nov/2023:13:14:52 +0000] "GET /flights/ HTTP/1.1" 200 537 "-" "Thunder Client (https://www.thunderclient.com)"
::1 - - [15/Nov/2023:13:14:53 +0000] "GET /flights/ HTTP/1.1" 200 537 "-" "Thunder Client (https://www.thunderclient.com)"
::1 - - [15/Nov/2023:13:15:49 +0000] "GET /flights/ HTTP/1.1" 200 537 "-" "Thunder Client (https://www.thunderclient.com)"
::1 - - [15/Nov/2023:13:16:12 +0000] "GET /flights/ HTTP/1.1" 200 537 "-" "Thunder Client (https://www.thunderclient.com)"
::1 - - [15/Nov/2023:13:17:48 +0000] "GET /flights/ HTTP/1.1" 403 1806 "-" "Thunder Client (https://www.thunderclient.com)"
::1 - - [15/Nov/2023:13:18:13 +0000] "GET /flights/ HTTP/1.1" 200 537 "-" "Thunder Client (https://www.thunderclient.com)"
::1 - - [15/Nov/2023:13:20:34 +0000] "GET /flights/ HTTP/1.1" 200 537 "-" "Thunder Client (https://www.thunderclient.com)"
::1 - - [15/Nov/2023:13:29:55 +0000] "GET /users HTTP/1.1" 200 329 "-" "Thunder Client (https://www.thunderclient.com)"
::1 - - [15/Nov/2023:13:30:07 +0000] "GET /users HTTP/1.1" 200 329 "-" "Thunder Client (https://www.thunderclient.com)"
::1 - - [15/Nov/2023:13:35:21 +0000] "GET /flights/ HTTP/1.1" 200 448 "-" "Thunder Client (https://www.thunderclient.com)"
::1 - - [15/Nov/2023:13:42:14 +0000] "GET /flights/ HTTP/1.1" 200 462 "-" "Thunder Client (https://www.thunderclient.com)"
::1 - - [15/Nov/2023:13:43:00 +0000] "GET /users HTTP/1.1" 200 329 "-" "Thunder Client (https://www.thunderclient.com)"
::1 - - [15/Nov/2023:13:43:39 +0000] "POST /users HTTP/1.1" 201 311 "-" "Thunder Client (https://www.thunderclient.com)"
::1 - - [15/Nov/2023:13:43:53 +0000] "POST /users HTTP/1.1" 201 312 "-" "Thunder Client (https://www.thunderclient.com)"
::1 - - [15/Nov/2023:13:44:00 +0000] "GET /users HTTP/1.1" 200 752 "-" "Thunder Client (https://www.thunderclient.com)"
::1 - - [15/Nov/2023:13:44:18 +0000] "POST /flights/ HTTP/1.1" 500 868 "-" "Thunder Client (https://www.thunderclient.com)"
::1 - - [15/Nov/2023:13:44:40 +0000] "POST /flights/ HTTP/1.1" 500 868 "-" "Thunder Client (https://www.thunderclient.com)"
::1 - - [15/Nov/2023:13:45:01 +0000] "POST /flights/ HTTP/1.1" 500 868 "-" "Thunder Client (https://www.thunderclient.com)"
::1 - - [15/Nov/2023:13:45:29 +0000] "POST /flights/ HTTP/1.1" 500 868 "-" "Thunder Client (https://www.thunderclient.com)"
::1 - - [15/Nov/2023:13:47:07 +0000] "POST /flights/ HTTP/1.1" 500 868 "-" "Thunder Client (https://www.thunderclient.com)"
::1 - - [15/Nov/2023:13:47:24 +0000] "GET /flights/ HTTP/1.1" 200 462 "-" "Thunder Client (https://www.thunderclient.com)"
::1 - - [15/Nov/2023:13:47:43 +0000] "POST /flights/ HTTP/1.1" 500 868 "-" "Thunder Client (https://www.thunderclient.com)"
::1 - - [15/Nov/2023:13:50:22 +0000] "GET /flights/ HTTP/1.1" 200 462 "-" "Thunder Client (https://www.thunderclient.com)"
::1 - - [15/Nov/2023:13:50:42 +0000] "GET /flights/ HTTP/1.1" 200 445 "-" "Thunder Client (https://www.thunderclient.com)"
