::1 - - [06/Nov/2023:07:27:10 +0000] "GET /users HTTP/1.1" 200 119 "-" "Thunder Client (https://www.thunderclient.com)"
::1 - - [06/Nov/2023:07:27:45 +0000] "GET / HTTP/1.1" 200 48 "-" "Thunder Client (https://www.thunderclient.com)"
::1 - - [06/Nov/2023:07:28:26 +0000] "GET /users HTTP/1.1" 200 119 "-" "Thunder Client (https://www.thunderclient.com)"
::1 - - [06/Nov/2023:07:30:34 +0000] "POST /users HTTP/1.1" 201 294 "-" "Thunder Client (https://www.thunderclient.com)"
::1 - - [06/Nov/2023:07:31:02 +0000] "GET /users/6548961a4651461349ce87c5 HTTP/1.1" 200 294 "-" "Thunder Client (https://www.thunderclient.com)"
::1 - - [06/Nov/2023:07:31:22 +0000] "PUT /users/6548961a4651461349ce87c5 HTTP/1.1" 202 395 "-" "Thunder Client (https://www.thunderclient.com)"
::1 - - [06/Nov/2023:07:32:36 +0000] "POST /users/ HTTP/1.1" 201 296 "-" "Thunder Client (https://www.thunderclient.com)"
::1 - - [06/Nov/2023:07:32:47 +0000] "GET /users/654896944651461349ce87ca HTTP/1.1" 200 296 "-" "Thunder Client (https://www.thunderclient.com)"
::1 - - [06/Nov/2023:07:33:17 +0000] "DELETE /users/654896944651461349ce87ca HTTP/1.1" 204 - "-" "Thunder Client (https://www.thunderclient.com)"
::1 - - [06/Nov/2023:07:34:13 +0000] "DELETE /users/654896944651461349ce87ca HTTP/1.1" 404 14 "-" "Thunder Client (https://www.thunderclient.com)"
::1 - - [06/Nov/2023:07:34:38 +0000] "POST /users/ HTTP/1.1" 201 296 "-" "Thunder Client (https://www.thunderclient.com)"
::1 - - [06/Nov/2023:07:34:48 +0000] "DELETE /users/6548970e4d42232b0769a620 HTTP/1.1" 204 - "-" "Thunder Client (https://www.thunderclient.com)"
::1 - - [06/Nov/2023:08:00:52 +0000] "GET /pizzas/ HTTP/1.1" 200 119 "-" "Thunder Client (https://www.thunderclient.com)"
::1 - - [06/Nov/2023:08:03:20 +0000] "POST /pizzas/ HTTP/1.1" 201 212 "-" "Thunder Client (https://www.thunderclient.com)"
::1 - - [06/Nov/2023:08:05:12 +0000] "POST /pizzas/ HTTP/1.1" 500 264 "-" "Thunder Client (https://www.thunderclient.com)"
::1 - - [06/Nov/2023:08:05:23 +0000] "POST /pizzas/ HTTP/1.1" 201 197 "-" "Thunder Client (https://www.thunderclient.com)"
::1 - - [06/Nov/2023:08:07:33 +0000] "GET /pizzas/65489e43156e82c0cacb5cc3 HTTP/1.1" 200 197 "-" "Thunder Client (https://www.thunderclient.com)"
::1 - - [06/Nov/2023:08:09:00 +0000] "GET /pizzas/65489e43156e82c0cacb5cc3 HTTP/1.1" 200 197 "-" "Thunder Client (https://www.thunderclient.com)"
::1 - - [06/Nov/2023:08:13:19 +0000] "GET /users/6548970e4d42232b0769a620 HTTP/1.1" 200 27 "-" "Thunder Client (https://www.thunderclient.com)"
::1 - - [06/Nov/2023:08:13:27 +0000] "POST /users/ HTTP/1.1" 201 295 "-" "Thunder Client (https://www.thunderclient.com)"
::1 - - [06/Nov/2023:08:13:43 +0000] "GET /users/6548a0270d4d8b58c48cbd5 HTTP/1.1" 500 239 "-" "Thunder Client (https://www.thunderclient.com)"
::1 - - [06/Nov/2023:08:16:28 +0000] "GET /users/6548a0270d4d8b58c48cbd5 HTTP/1.1" 500 239 "-" "Thunder Client (https://www.thunderclient.com)"
::1 - - [06/Nov/2023:08:16:31 +0000] "GET /users/6548a0270d4d8b58c48cbd5 HTTP/1.1" 500 239 "-" "Thunder Client (https://www.thunderclient.com)"
::1 - - [06/Nov/2023:08:16:32 +0000] "GET /users/6548a0270d4d8b58c48cbd5 HTTP/1.1" 500 239 "-" "Thunder Client (https://www.thunderclient.com)"
::1 - - [06/Nov/2023:08:16:35 +0000] "GET /users/6548a0270d4d8b58c48cbd5 HTTP/1.1" 500 239 "-" "Thunder Client (https://www.thunderclient.com)"
::1 - - [06/Nov/2023:08:16:38 +0000] "GET /users/6548a0270d4d8b58c48cbd5 HTTP/1.1" 500 239 "-" "Thunder Client (https://www.thunderclient.com)"
::1 - - [06/Nov/2023:08:17:41 +0000] "POST /users/ HTTP/1.1" 400 185 "-" "Thunder Client (https://www.thunderclient.com)"
::1 - - [06/Nov/2023:08:20:34 +0000] "GET /pizzas/65489e43156e82c0cacb5cc HTTP/1.1" 500 1339 "-" "Thunder Client (https://www.thunderclient.com)"
::1 - - [06/Nov/2023:08:21:01 +0000] "GET /pizzas/65489e43156e82c0cacb5cc HTTP/1.1" 500 1339 "-" "Thunder Client (https://www.thunderclient.com)"
::1 - - [06/Nov/2023:08:27:07 +0000] "GET /pizzas/65489e43156e82c0cacb5cc HTTP/1.1" 500 148 "-" "Thunder Client (https://www.thunderclient.com)"
::1 - - [06/Nov/2023:08:27:18 +0000] "GET /pizzas/65489e43156e82c0cacb5cc HTTP/1.1" 500 148 "-" "Thunder Client (https://www.thunderclient.com)"
::1 - - [06/Nov/2023:08:27:32 +0000] "POST /users/ HTTP/1.1" 400 185 "-" "Thunder Client (https://www.thunderclient.com)"
::1 - - [06/Nov/2023:08:27:38 +0000] "GET /users/ HTTP/1.1" 200 665 "-" "Thunder Client (https://www.thunderclient.com)"
::1 - - [06/Nov/2023:08:27:50 +0000] "GET /users/6548961a4651461349ce87c HTTP/1.1" 500 238 "-" "Thunder Client (https://www.thunderclient.com)"
::1 - - [06/Nov/2023:08:28:41 +0000] "GET /users/6548961a4651461349ce87c HTTP/1.1" 500 238 "-" "Thunder Client (https://www.thunderclient.com)"
::1 - - [06/Nov/2023:08:29:21 +0000] "GET /users/6548961a4651461349ce87ca HTTP/1.1" 404 141 "-" "Thunder Client (https://www.thunderclient.com)"
::1 - - [06/Nov/2023:08:30:06 +0000] "GET /users/6548961a4651461349ce87ca HTTP/1.1" 200 27 "-" "Thunder Client (https://www.thunderclient.com)"
::1 - - [06/Nov/2023:08:30:18 +0000] "GET /users/6548961a4651461349ce87cu HTTP/1.1" 500 239 "-" "Thunder Client (https://www.thunderclient.com)"
::1 - - [06/Nov/2023:08:34:07 +0000] "GET /users/6548961a4651461349ce87cu HTTP/1.1" 500 239 "-" "Thunder Client (https://www.thunderclient.com)"
::1 - - [06/Nov/2023:08:44:33 +0000] "GET /users/6548961a4651461349ce87cu HTTP/1.1" 400 239 "-" "Thunder Client (https://www.thunderclient.com)"
